[2022-10-23T09:18:33.063Z] Log level: Info
[2022-10-23T09:18:33.064Z] [info] Validating found git in: git
[2022-10-23T09:18:33.375Z] [info] Using git 2.38.0 from git
[2022-10-23T09:18:33.759Z] > git rev-parse --show-toplevel [375ms]
[2022-10-23T09:18:33.759Z] fatal: not a git repository (or any parent up to mount point /)
Stopping at filesystem boundary (GIT_DISCOVERY_ACROSS_FILESYSTEM not set).
[2022-10-23T09:18:33.773Z] > git rev-parse --show-toplevel [8ms]
[2022-10-23T09:18:33.773Z] fatal: not a git repository (or any parent up to mount point /)
Stopping at filesystem boundary (GIT_DISCOVERY_ACROSS_FILESYSTEM not set).
[2022-10-23T09:18:33.780Z] > git rev-parse --show-toplevel [1ms]
[2022-10-23T09:18:33.780Z] fatal: not a git repository (or any parent up to mount point /)
Stopping at filesystem boundary (GIT_DISCOVERY_ACROSS_FILESYSTEM not set).
[2022-10-23T09:18:33.789Z] > git rev-parse --show-toplevel [3ms]
[2022-10-23T09:18:33.789Z] fatal: not a git repository (or any parent up to mount point /)
Stopping at filesystem boundary (GIT_DISCOVERY_ACROSS_FILESYSTEM not set).
[2022-10-23T09:18:33.794Z] > git rev-parse --show-toplevel [1ms]
[2022-10-23T09:18:33.794Z] fatal: not a git repository (or any parent up to mount point /)
Stopping at filesystem boundary (GIT_DISCOVERY_ACROSS_FILESYSTEM not set).
[2022-10-23T09:18:33.800Z] > git rev-parse --show-toplevel [1ms]
[2022-10-23T09:18:33.800Z] fatal: not a git repository (or any parent up to mount point /)
Stopping at filesystem boundary (GIT_DISCOVERY_ACROSS_FILESYSTEM not set).
[2022-10-23T09:18:33.957Z] > git rev-parse --show-toplevel [152ms]
[2022-10-23T09:18:33.963Z] > git rev-parse --git-dir --git-common-dir [1ms]
[2022-10-23T09:18:33.971Z] [info] Open repository: /home/varun/Desktop/pinaca/tamilTranscriptions/ctcdecode
[2022-10-23T09:18:33.984Z] > git rev-parse --show-toplevel [2ms]
[2022-10-23T09:18:33.984Z] fatal: not a git repository (or any parent up to mount point /)
Stopping at filesystem boundary (GIT_DISCOVERY_ACROSS_FILESYSTEM not set).
[2022-10-23T09:18:33.989Z] > git rev-parse --show-toplevel [1ms]
[2022-10-23T09:18:33.989Z] fatal: not a git repository (or any parent up to mount point /)
Stopping at filesystem boundary (GIT_DISCOVERY_ACROSS_FILESYSTEM not set).
[2022-10-23T09:18:34.554Z] > git check-ignore -v -z --stdin [45ms]
[2022-10-23T09:19:02.805Z] > git status -z -uall [28827ms]
[2022-10-23T10:21:46.395Z] > git rev-parse --show-toplevel [2ms]
[2022-10-23T10:21:46.395Z] fatal: not a git repository (or any parent up to mount point /)
Stopping at filesystem boundary (GIT_DISCOVERY_ACROSS_FILESYSTEM not set).
