[2022-10-18 00:33:51.163] [exthost] [info] Extension host with pid 3271 started
[2022-10-18 00:33:51.163] [exthost] [info] Skipping acquiring lock for /home/varun/.config/Code - OSS/User/workspaceStorage/e03a8fe0fa2f1354b7504b594996c0eb.
[2022-10-18 00:33:51.272] [exthost] [info] ExtensionService#_doActivateExtension vscode.debug-auto-launch, startup: true, activationEvent: '*'
[2022-10-18 00:33:51.272] [exthost] [info] ExtensionService#_doActivateExtension vscode.git-base, startup: true, activationEvent: '*', root cause: vscode.git
[2022-10-18 00:33:51.273] [exthost] [info] ExtensionService#_doActivateExtension vscode.ipynb, startup: true, activationEvent: '*'
[2022-10-18 00:33:51.694] [exthost] [info] ExtensionService#_doActivateExtension vscode.git, startup: true, activationEvent: '*'
[2022-10-18 00:33:51.694] [exthost] [info] ExtensionService#_doActivateExtension vscode.github, startup: true, activationEvent: '*'
[2022-10-18 00:33:52.893] [exthost] [info] Eager extensions activated
[2022-10-18 00:33:52.910] [exthost] [info] ExtensionService#_doActivateExtension vscode.emmet, startup: false, activationEvent: 'onStartupFinished'
[2022-10-18 00:33:52.910] [exthost] [info] ExtensionService#_doActivateExtension vscode.merge-conflict, startup: false, activationEvent: 'onStartupFinished'
[2022-10-18 02:14:19.641] [exthost] [warning] [Decorations] CAPPING events from decorations provider vscode.git 10002
[2022-10-18 02:14:24.977] [exthost] [warning] [Decorations] CAPPING events from decorations provider vscode.git 10002
[2022-10-18 02:21:57.047] [exthost] [info] ExtensionService#_doActivateExtension vscode.configuration-editing, startup: false, activationEvent: 'onLanguage:json'
[2022-10-18 02:21:57.048] [exthost] [info] ExtensionService#_doActivateExtension vscode.extension-editing, startup: false, activationEvent: 'onLanguage:json'
[2022-10-18 02:21:57.048] [exthost] [info] ExtensionService#_doActivateExtension vscode.json-language-features, startup: false, activationEvent: 'onLanguage:json'
[2022-10-18 02:21:57.048] [exthost] [info] ExtensionService#_doActivateExtension vscode.npm, startup: false, activationEvent: 'onLanguage:json'
[2022-10-18 02:26:04.692] [exthost] [info] Extension host terminating: received terminate message from renderer
[2022-10-18 02:26:04.707] [exthost] [error] Error: read ECONNRESET
	at Pipe.onStreamRead (node:internal/stream_base_commons:217:20)
[2022-10-18 02:26:04.708] [exthost] [info] Extension host with pid 3271 exiting with code 0
